{"C:\\Users\\Jorge_Reyes\\Desktop\\javascript\\PruebaTécnica\\FizzBuzz\\fizzbuzz.js": {"path":"C:\\Users\\Jorge_Reyes\\Desktop\\javascript\\PruebaTécnica\\FizzBuzz\\fizzbuzz.js","all":false,"statementMap":{"0":{"start":{"line":1,"column":0},"end":{"line":1,"column":24}},"1":{"start":{"line":2,"column":0},"end":{"line":2,"column":0}},"2":{"start":{"line":3,"column":0},"end":{"line":3,"column":60}},"3":{"start":{"line":4,"column":0},"end":{"line":4,"column":0}},"4":{"start":{"line":5,"column":0},"end":{"line":5,"column":34}},"5":{"start":{"line":6,"column":0},"end":{"line":6,"column":57}},"6":{"start":{"line":7,"column":0},"end":{"line":7,"column":5}},"7":{"start":{"line":8,"column":0},"end":{"line":8,"column":20}},"8":{"start":{"line":9,"column":0},"end":{"line":9,"column":17}},"9":{"start":{"line":10,"column":0},"end":{"line":10,"column":5}},"10":{"start":{"line":11,"column":0},"end":{"line":11,"column":49}},"11":{"start":{"line":12,"column":0},"end":{"line":12,"column":26}},"12":{"start":{"line":13,"column":0},"end":{"line":13,"column":5}},"13":{"start":{"line":14,"column":0},"end":{"line":14,"column":28}},"14":{"start":{"line":15,"column":0},"end":{"line":15,"column":22}},"15":{"start":{"line":16,"column":0},"end":{"line":16,"column":5}},"16":{"start":{"line":17,"column":0},"end":{"line":17,"column":28}},"17":{"start":{"line":18,"column":0},"end":{"line":18,"column":22}},"18":{"start":{"line":19,"column":0},"end":{"line":19,"column":5}},"19":{"start":{"line":20,"column":0},"end":{"line":20,"column":15}},"20":{"start":{"line":21,"column":0},"end":{"line":21,"column":1}},"21":{"start":{"line":22,"column":0},"end":{"line":22,"column":0}},"22":{"start":{"line":23,"column":0},"end":{"line":23,"column":21}},"23":{"start":{"line":24,"column":0},"end":{"line":24,"column":35}},"24":{"start":{"line":25,"column":0},"end":{"line":25,"column":44}},"25":{"start":{"line":26,"column":0},"end":{"line":26,"column":5}},"26":{"start":{"line":27,"column":0},"end":{"line":27,"column":1}},"27":{"start":{"line":28,"column":0},"end":{"line":28,"column":0}},"28":{"start":{"line":29,"column":0},"end":{"line":29,"column":10}},"29":{"start":{"line":30,"column":0},"end":{"line":30,"column":0}},"30":{"start":{"line":31,"column":0},"end":{"line":31,"column":26}}},"s":{"0":57,"1":57,"2":57,"3":57,"4":57,"5":1,"6":1,"7":57,"8":1,"9":1,"10":57,"11":4,"12":4,"13":57,"14":15,"15":15,"16":57,"17":8,"18":8,"19":28,"20":28,"21":1,"22":1,"23":1,"24":50,"25":50,"26":1,"27":1,"28":1,"29":1,"30":1},"branchMap":{"0":{"type":"branch","line":1,"loc":{"start":{"line":1,"column":0},"end":{"line":21,"column":1}},"locations":[{"start":{"line":1,"column":0},"end":{"line":21,"column":1}}]},"1":{"type":"branch","line":5,"loc":{"start":{"line":5,"column":33},"end":{"line":7,"column":5}},"locations":[{"start":{"line":5,"column":33},"end":{"line":7,"column":5}}]},"2":{"type":"branch","line":7,"loc":{"start":{"line":7,"column":4},"end":{"line":8,"column":19}},"locations":[{"start":{"line":7,"column":4},"end":{"line":8,"column":19}}]},"3":{"type":"branch","line":8,"loc":{"start":{"line":8,"column":19},"end":{"line":10,"column":5}},"locations":[{"start":{"line":8,"column":19},"end":{"line":10,"column":5}}]},"4":{"type":"branch","line":10,"loc":{"start":{"line":10,"column":4},"end":{"line":11,"column":29}},"locations":[{"start":{"line":10,"column":4},"end":{"line":11,"column":29}}]},"5":{"type":"branch","line":11,"loc":{"start":{"line":11,"column":25},"end":{"line":11,"column":46}},"locations":[{"start":{"line":11,"column":25},"end":{"line":11,"column":46}}]},"6":{"type":"branch","line":11,"loc":{"start":{"line":11,"column":48},"end":{"line":13,"column":5}},"locations":[{"start":{"line":11,"column":48},"end":{"line":13,"column":5}}]},"7":{"type":"branch","line":13,"loc":{"start":{"line":13,"column":4},"end":{"line":14,"column":27}},"locations":[{"start":{"line":13,"column":4},"end":{"line":14,"column":27}}]},"8":{"type":"branch","line":14,"loc":{"start":{"line":14,"column":27},"end":{"line":16,"column":5}},"locations":[{"start":{"line":14,"column":27},"end":{"line":16,"column":5}}]},"9":{"type":"branch","line":16,"loc":{"start":{"line":16,"column":4},"end":{"line":17,"column":27}},"locations":[{"start":{"line":16,"column":4},"end":{"line":17,"column":27}}]},"10":{"type":"branch","line":17,"loc":{"start":{"line":17,"column":27},"end":{"line":19,"column":5}},"locations":[{"start":{"line":17,"column":27},"end":{"line":19,"column":5}}]},"11":{"type":"branch","line":19,"loc":{"start":{"line":19,"column":4},"end":{"line":21,"column":1}},"locations":[{"start":{"line":19,"column":4},"end":{"line":21,"column":1}}]},"12":{"type":"branch","line":3,"loc":{"start":{"line":3,"column":22},"end":{"line":3,"column":59}},"locations":[{"start":{"line":3,"column":22},"end":{"line":3,"column":59}}]},"13":{"type":"branch","line":23,"loc":{"start":{"line":23,"column":0},"end":{"line":27,"column":1}},"locations":[{"start":{"line":23,"column":0},"end":{"line":27,"column":1}}]},"14":{"type":"branch","line":24,"loc":{"start":{"line":24,"column":34},"end":{"line":26,"column":5}},"locations":[{"start":{"line":24,"column":34},"end":{"line":26,"column":5}}]}},"b":{"0":[57],"1":[1],"2":[56],"3":[1],"4":[55],"5":[19],"6":[4],"7":[51],"8":[15],"9":[36],"10":[8],"11":[28],"12":[161],"13":[1],"14":[50]},"fnMap":{"0":{"name":"fizzbuzz","decl":{"start":{"line":1,"column":0},"end":{"line":21,"column":1}},"loc":{"start":{"line":1,"column":0},"end":{"line":21,"column":1}},"line":1},"1":{"name":"divisible","decl":{"start":{"line":3,"column":22},"end":{"line":3,"column":59}},"loc":{"start":{"line":3,"column":22},"end":{"line":3,"column":59}},"line":3},"2":{"name":"print","decl":{"start":{"line":23,"column":0},"end":{"line":27,"column":1}},"loc":{"start":{"line":23,"column":0},"end":{"line":27,"column":1}},"line":23}},"f":{"0":57,"1":161,"2":1}}
}
