TN:
SF:fizzbuzz.js
FN:1,fizzbuzz
FN:3,divisible
FN:23,print
FNF:3
FNH:3
FNDA:57,fizzbuzz
FNDA:161,divisible
FNDA:1,print
DA:1,57
DA:2,57
DA:3,57
DA:4,57
DA:5,57
DA:6,1
DA:7,1
DA:8,57
DA:9,1
DA:10,1
DA:11,57
DA:12,4
DA:13,4
DA:14,57
DA:15,15
DA:16,15
DA:17,57
DA:18,8
DA:19,8
DA:20,28
DA:21,28
DA:22,1
DA:23,1
DA:24,1
DA:25,50
DA:26,50
DA:27,1
DA:28,1
DA:29,1
DA:30,1
DA:31,1
LF:31
LH:31
BRDA:1,0,0,57
BRDA:5,1,0,1
BRDA:7,2,0,56
BRDA:8,3,0,1
BRDA:10,4,0,55
BRDA:11,5,0,19
BRDA:11,6,0,4
BRDA:13,7,0,51
BRDA:14,8,0,15
BRDA:16,9,0,36
BRDA:17,10,0,8
BRDA:19,11,0,28
BRDA:3,12,0,161
BRDA:23,13,0,1
BRDA:24,14,0,50
BRF:15
BRH:15
end_of_record
